<?xml version="1.0" encoding="UTF-8"?>
<testsuite name="com.selfservice.kiosk.diagnostics.passthru.PassThruClientTest" tests="2" skipped="0" failures="0" errors="0" timestamp="2025-10-13T09:32:41" hostname="DESKTOP-0B9FJSD" time="0.103">
  <properties/>
  <testcase name="open fails when adapter already present" classname="com.selfservice.kiosk.diagnostics.passthru.PassThruClientTest" time="0.099"/>
  <testcase name="open establishes adapter and channel lifecycle" classname="com.selfservice.kiosk.diagnostics.passthru.PassThruClientTest" time="0.004"/>
  <system-out><![CDATA[]]></system-out>
  <system-err><![CDATA[]]></system-err>
</testsuite>
