<?xml version="1.0" encoding="UTF-8"?>
<testsuite name="com.selfservice.kiosk.infrastructure.diagnostics.BleDiagnosticsGatewayTest" tests="3" skipped="0" failures="0" errors="0" timestamp="2025-10-16T00:00:20" hostname="DESKTOP-0B9FJSD" time="0.022">
  <properties/>
  <testcase name="readTroubleCodesDecodesRecords" classname="com.selfservice.kiosk.infrastructure.diagnostics.BleDiagnosticsGatewayTest" time="0.018"/>
  <testcase name="collectFreezeFrameReturnsRawPayload" classname="com.selfservice.kiosk.infrastructure.diagnostics.BleDiagnosticsGatewayTest" time="0.002"/>
  <testcase name="clearTroubleCodesTriggersConfirmationRead" classname="com.selfservice.kiosk.infrastructure.diagnostics.BleDiagnosticsGatewayTest" time="0.002"/>
  <system-out><![CDATA[]]></system-out>
  <system-err><![CDATA[]]></system-err>
</testsuite>
