<?xml version="1.0" encoding="UTF-8"?>
<testsuite name="com.selfservice.kiosk.infrastructure.diagnostics.RuntimeBleAdapterResolverTest" tests="4" skipped="0" failures="0" errors="0" timestamp="2025-10-16T00:00:20" hostname="DESKTOP-0B9FJSD" time="0.004">
  <properties/>
  <testcase name="resolvesVehicleSpecificMapping" classname="com.selfservice.kiosk.infrastructure.diagnostics.RuntimeBleAdapterResolverTest" time="0.001"/>
  <testcase name="defaultAddressUsedWhenNothingElseMatches" classname="com.selfservice.kiosk.infrastructure.diagnostics.RuntimeBleAdapterResolverTest" time="0.0"/>
  <testcase name="returnsNullWhenNoMappingAvailable" classname="com.selfservice.kiosk.infrastructure.diagnostics.RuntimeBleAdapterResolverTest" time="0.002"/>
  <testcase name="fallsBackToBrandMapping" classname="com.selfservice.kiosk.infrastructure.diagnostics.RuntimeBleAdapterResolverTest" time="0.001"/>
  <system-out><![CDATA[]]></system-out>
  <system-err><![CDATA[]]></system-err>
</testsuite>
