<?xml version="1.0" encoding="UTF-8"?>
<testsuite name="com.selfservice.kiosk.ui.flow.KioskFlowViewModelTest" tests="2" skipped="0" failures="0" errors="0" timestamp="2025-10-16T00:00:20" hostname="DESKTOP-0B9FJSD" time="0.005">
  <properties/>
  <testcase name="onBack returns false while report saving" classname="com.selfservice.kiosk.ui.flow.KioskFlowViewModelTest" time="0.005"/>
  <testcase name="returnToServicesAfterThickness clears report flags" classname="com.selfservice.kiosk.ui.flow.KioskFlowViewModelTest" time="0.0"/>
  <system-out><![CDATA[]]></system-out>
  <system-err><![CDATA[]]></system-err>
</testsuite>
