<?xml version="1.0" encoding="UTF-8"?>
<testsuite name="com.selfservice.kiosk.application.diagnostics.StartDiagnosticsUseCaseTest" tests="2" skipped="0" failures="0" errors="0" timestamp="2025-10-16T00:00:20" hostname="DESKTOP-0B9FJSD" time="0.192">
  <properties/>
  <testcase name="use case completes session with diagnostics data" classname="com.selfservice.kiosk.application.diagnostics.StartDiagnosticsUseCaseTest" time="0.186"/>
  <testcase name="use case fails session when gateway throws" classname="com.selfservice.kiosk.application.diagnostics.StartDiagnosticsUseCaseTest" time="0.006"/>
  <system-out><![CDATA[]]></system-out>
  <system-err><![CDATA[]]></system-err>
</testsuite>
