<?xml version="1.0" encoding="UTF-8"?>
<testsuite name="com.selfservice.kiosk.report.thickness.ThicknessReportSerializerTest" tests="2" skipped="0" failures="0" errors="0" timestamp="2025-10-16T00:00:20" hostname="DESKTOP-0B9FJSD" time="0.003">
  <properties/>
  <testcase name="toJson allows null contacts" classname="com.selfservice.kiosk.report.thickness.ThicknessReportSerializerTest" time="0.002"/>
  <testcase name="toJson writes summary and measurements" classname="com.selfservice.kiosk.report.thickness.ThicknessReportSerializerTest" time="0.001"/>
  <system-out><![CDATA[]]></system-out>
  <system-err><![CDATA[]]></system-err>
</testsuite>
